<?xml version="1.0" encoding="UTF-8"?>
<!-- Generated by org.testng.reporters.JUnitReportReporter -->
<testsuite hostname="LAPTOP-B0KP8690" failures="0" tests="1" name="CucumberOptions.TestNGtestRunner" time="14.915" errors="0" timestamp="2024-08-14T12:17:43 IST" skipped="0">
  <testcase classname="CucumberOptions.TestNGtestRunner" name="runScenario" time="14.915"/>
  <system-out/>
</testsuite> <!-- CucumberOptions.TestNGtestRunner -->
